
> blokus-rl-frontend@0.1.0 dev
> vite --port 3000


  VITE v5.4.20  ready in 325 ms

  ➜  Local:   http://localhost:3000/
  ➜  Network: use --host to expose
Browserslist: browsers data (caniuse-lite) is 6 months old. Please run:
  npx update-browserslist-db@latest
  Why you should do it regularly: https://github.com/browserslist/update-db#readme
7:06:23 PM [vite] hmr update /src/index.css, /src/pages/Play.tsx, /src/components/AnalysisDashboard.tsx, /src/components/Board.tsx, /src/components/RightPanel.tsx, /src/components/PieceTray.tsx, /src/components/LogConsole.tsx, /src/components/GameConfigModal.tsx, /src/components/AgentVisualizations.tsx, /src/components/ResearchSidebar.tsx, /src/components/LegalMovesBarChart.tsx
7:06:39 PM [vite] page reload src/components/MctsTopMovesTable.tsx
7:10:47 PM [vite] page reload src/components/Sidebar.tsx
7:10:56 PM [vite] page reload src/components/Sidebar.tsx
7:11:09 PM [vite] hmr update /src/components/AnalysisDashboard.tsx, /src/index.css
7:11:15 PM [vite] hmr update /src/components/AnalysisDashboard.tsx, /src/index.css
7:11:34 PM [vite] page reload src/components/MctsTopMovesTable.tsx
7:11:42 PM [vite] page reload src/components/MctsTopMovesTable.tsx
7:11:48 PM [vite] page reload src/components/MctsTopMovesTable.tsx
7:16:13 PM [vite] hmr update /src/components/RightPanel.tsx, /src/index.css
7:58:49 PM [vite] hmr update /src/index.css, /src/pages/Play.tsx, /src/components/AnalysisDashboard.tsx, /src/components/Board.tsx, /src/components/RightPanel.tsx, /src/components/PieceTray.tsx, /src/components/LogConsole.tsx, /src/components/GameConfigModal.tsx, /src/components/AgentVisualizations.tsx, /src/components/ResearchSidebar.tsx, /src/components/LegalMovesBarChart.tsx
7:58:59 PM [vite] hmr update /src/index.css, /src/pages/Play.tsx, /src/components/AnalysisDashboard.tsx, /src/components/Board.tsx, /src/components/RightPanel.tsx, /src/components/PieceTray.tsx, /src/components/LogConsole.tsx, /src/components/GameConfigModal.tsx, /src/components/AgentVisualizations.tsx, /src/components/ResearchSidebar.tsx, /src/components/LegalMovesBarChart.tsx
7:59:10 PM [vite] hmr update /src/components/GameConfigModal.tsx, /src/index.css
7:59:22 PM [vite] hmr update /src/pages/Play.tsx, /src/index.css
8:06:35 PM [vite] hmr update /src/pages/Play.tsx, /src/index.css
8:07:02 PM [vite] hmr update /src/components/GameConfigModal.tsx, /src/index.css
8:10:31 PM [vite] hmr update /src/components/GameConfigModal.tsx, /src/index.css
12:39:19 AM [vite] hmr update /src/pages/Play.tsx, /src/index.css
12:39:23 AM [vite] hmr update /src/pages/Play.tsx, /src/index.css
4:50:51 PM [vite] hmr update /src/pages/Play.tsx, /src/index.css
4:51:31 PM [vite] hmr update /src/pages/Play.tsx, /src/index.css
