2026-01-30 15:39:55 - training.trainer - INFO - Created run directory: runs/20260130_153955_smoke
2026-01-30 15:39:55 - training.trainer - INFO - Log file: runs/20260130_153955_smoke/training.log
2026-01-30 15:39:55 - training.trainer - INFO - ================================================================================
2026-01-30 15:39:55 - training.trainer - INFO - Starting Training Run
2026-01-30 15:39:55 - training.trainer - INFO - ================================================================================
2026-01-30 15:39:55 - training.trainer - INFO - Run directory: runs/20260130_153955_smoke
2026-01-30 15:39:55 - training.trainer - INFO - Timestamp: 2026-01-30 15:39:55
2026-01-30 15:39:55 - training.trainer - INFO - 
2026-01-30 15:39:55 - training.trainer - INFO - Reproducibility Information:
2026-01-30 15:39:55 - training.trainer - INFO -   Code Version: 1.0.0
2026-01-30 15:39:55 - training.trainer - INFO -   Git Hash: 2139cd8a65d2a5529c4caaff796282306d64e99d
2026-01-30 15:39:55 - training.trainer - INFO -   Git Branch: 18-strategy-lab
2026-01-30 15:39:55 - training.trainer - INFO -   Python Version: 3.9.6
2026-01-30 15:39:55 - training.trainer - INFO -   PyTorch Version: 2.8.0
2026-01-30 15:39:55 - training.trainer - INFO -   Stable-Baselines3 Version: 2.7.0
2026-01-30 15:39:55 - training.trainer - INFO - 
2026-01-30 15:39:55 - training.trainer - INFO - ================================================================================
2026-01-30 15:39:55 - training.trainer - INFO - Training Configuration
2026-01-30 15:39:55 - training.trainer - INFO - ================================================================================
2026-01-30 15:39:55 - training.trainer - INFO - ================================================================================
2026-01-30 15:39:55 - training.trainer - INFO - Training Configuration
2026-01-30 15:39:55 - training.trainer - INFO - ================================================================================
2026-01-30 15:39:55 - training.trainer - INFO - Mode: SMOKE
2026-01-30 15:39:55 - training.trainer - INFO - Max Episodes: 4
2026-01-30 15:39:55 - training.trainer - INFO - Max Steps per Episode: 50
2026-01-30 15:39:55 - training.trainer - INFO - Total Timesteps: 2000
2026-01-30 15:39:55 - training.trainer - INFO - N Steps (per update): 128
2026-01-30 15:39:55 - training.trainer - INFO - Learning Rate: 0.0003
2026-01-30 15:39:55 - training.trainer - INFO - Batch Size: 32
2026-01-30 15:39:55 - training.trainer - INFO - Logging Verbosity: 2
2026-01-30 15:39:55 - training.trainer - INFO - Random Seed: None
2026-01-30 15:39:55 - training.trainer - INFO - Env Seed: Same as random_seed
2026-01-30 15:39:55 - training.trainer - INFO - Agent Seed: Same as random_seed
2026-01-30 15:39:55 - training.trainer - INFO - Checkpoint Dir: /var/folders/xh/8r2vr33n26x429bps081h4v80000gn/T/tmpxtza2w6u/checkpoints
2026-01-30 15:39:55 - training.trainer - INFO - TensorBoard Log Dir: /var/folders/xh/8r2vr33n26x429bps081h4v80000gn/T/tmpxtza2w6u/logs
2026-01-30 15:39:55 - training.trainer - INFO - Checkpoint Interval: End of training only
2026-01-30 15:39:55 - training.trainer - INFO - Keep Last N Checkpoints: 3
2026-01-30 15:39:55 - training.trainer - INFO - Resume From Checkpoint: None (start fresh)
2026-01-30 15:39:55 - training.trainer - INFO - Agent Config: None (use defaults)
2026-01-30 15:39:55 - training.trainer - INFO - Sanity Checks: True
2026-01-30 15:39:55 - training.trainer - INFO - Log Action Details: True
2026-01-30 15:39:55 - training.trainer - INFO - Number of Environments: 2
2026-01-30 15:39:55 - training.trainer - INFO - VecEnv Type: subproc
2026-01-30 15:39:55 - training.trainer - INFO - ================================================================================
2026-01-30 15:39:55 - training.trainer - INFO - 
2026-01-30 15:39:55 - training.trainer - INFO - Additional Configuration:
2026-01-30 15:39:55 - training.trainer - INFO -   Agent Config: Using defaults
2026-01-30 15:39:55 - training.trainer - INFO - ================================================================================
2026-01-30 15:39:55 - training.trainer - INFO - 
2026-01-30 15:39:55 - training.run_logger - WARNING - MongoDB not available, skipping run creation
2026-01-30 15:39:55 - training.trainer - INFO - Training run logging disabled (MongoDB not available)
2026-01-30 15:39:55 - training.seeds - INFO - No seed provided, using random initialization
